# JRE version: Java(TM) SE Runtime Environment (8.0_151-b12) (build 1.8.0_151-b12)
# Java VM: Java HotSpot(TM) 64-Bit Server VM (25.151-b12 mixed mode linux-amd64 compressed oops)
Heap:
 PSYoungGen      total 1862656K, used 439102K [0x0000000715580000, 0x00000007c0000000, 0x00000007c0000000)
  eden space 930816K, 0% used [0x0000000715580000,0x0000000715580000,0x000000074e280000)
  from space 931840K, 47% used [0x000000074e280000,0x0000000768f4fb60,0x0000000787080000)
  to   space 931840K, 0% used [0x0000000787200000,0x0000000787200000,0x00000007c0000000)
 ParOldGen       total 3645440K, used 3645403K [0x00000005c0000000, 0x000000069e800000, 0x0000000715580000)
  object space 3645440K, 99% used [0x00000005c0000000,0x000000069e7f6d90,0x000000069e800000)
 Metaspace       used 7133K, capacity 7298K, committed 7552K, reserved 1056768K
  class space    used 761K, capacity 831K, committed 896K, reserved 1048576K
GC Heap History (10 events):
Event: 47.980 GC heap after
Heap after GC invocations=34 (full 6):
 PSYoungGen      total 1864192K, used 616714K [0x0000000715580000, 0x00000007c0000000, 0x00000007c0000000)
  eden space 932352K, 0% used [0x0000000715580000,0x0000000715580000,0x000000074e400000)
  from space 931840K, 66% used [0x0000000787200000,0x00000007acc42be8,0x00000007c0000000)
  to   space 931840K, 0% used [0x000000074e400000,0x000000074e400000,0x0000000787200000)
 ParOldGen       total 2719744K, used 2534745K [0x00000005c0000000, 0x0000000666000000, 0x0000000715580000)
  object space 2719744K, 93% used [0x00000005c0000000,0x000000065ab567f0,0x0000000666000000)
 Metaspace       used 4705K, capacity 4782K, committed 4992K, reserved 1056768K
  class space    used 519K, capacity 526K, committed 640K, reserved 1048576K
}
Event: 47.980 GC heap before
{Heap before GC invocations=35 (full 7):
 PSYoungGen      total 1864192K, used 616714K [0x0000000715580000, 0x00000007c0000000, 0x00000007c0000000)
  eden space 932352K, 0% used [0x0000000715580000,0x0000000715580000,0x000000074e400000)
  from space 931840K, 66% used [0x0000000787200000,0x00000007acc42be8,0x00000007c0000000)
  to   space 931840K, 0% used [0x000000074e400000,0x000000074e400000,0x0000000787200000)
 ParOldGen       total 2719744K, used 2534745K [0x00000005c0000000, 0x0000000666000000, 0x0000000715580000)
  object space 2719744K, 93% used [0x00000005c0000000,0x000000065ab567f0,0x0000000666000000)
 Metaspace       used 4705K, capacity 4782K, committed 4992K, reserved 1056768K
  class space    used 519K, capacity 526K, committed 640K, reserved 1048576K
Event: 57.797 GC heap after
Heap after GC invocations=35 (full 7):
 PSYoungGen      total 1864192K, used 428826K [0x0000000715580000, 0x00000007c0000000, 0x00000007c0000000)
  eden space 932352K, 0% used [0x0000000715580000,0x0000000715580000,0x000000074e400000)
  from space 931840K, 46% used [0x0000000787200000,0x00000007a14c6aa0,0x00000007c0000000)
  to   space 931840K, 0% used [0x000000074e400000,0x000000074e400000,0x0000000787200000)
 ParOldGen       total 3645440K, used 2719694K [0x00000005c0000000, 0x000000069e800000, 0x0000000715580000)
  object space 3645440K, 74% used [0x00000005c0000000,0x0000000665ff3bc0,0x000000069e800000)
 Metaspace       used 4705K, capacity 4782K, committed 4992K, reserved 1056768K
  class space    used 519K, capacity 526K, committed 640K, reserved 1048576K
}
Event: 62.212 GC heap before
{Heap before GC invocations=36 (full 7):
 PSYoungGen      total 1864192K, used 1361178K [0x0000000715580000, 0x00000007c0000000, 0x00000007c0000000)
  eden space 932352K, 100% used [0x0000000715580000,0x000000074e400000,0x000000074e400000)
  from space 931840K, 46% used [0x0000000787200000,0x00000007a14c6aa0,0x00000007c0000000)
  to   space 931840K, 0% used [0x000000074e400000,0x000000074e400000,0x0000000787200000)
 ParOldGen       total 3645440K, used 2719694K [0x00000005c0000000, 0x000000069e800000, 0x0000000715580000)
  object space 3645440K, 74% used [0x00000005c0000000,0x0000000665ff3bc0,0x000000069e800000)
 Metaspace       used 6025K, capacity 6146K, committed 6400K, reserved 1056768K
  class space    used 658K, capacity 703K, committed 768K, reserved 1048576K
Event: 63.485 GC heap after
Heap after GC invocations=36 (full 7):
 PSYoungGen      total 1382400K, used 450027K [0x0000000715580000, 0x00000007bfd00000, 0x00000007c0000000)
  eden space 932352K, 0% used [0x0000000715580000,0x0000000715580000,0x000000074e400000)
  from space 450048K, 99% used [0x000000074e400000,0x0000000769b7ae18,0x0000000769b80000)
  to   space 930304K, 0% used [0x0000000787080000,0x0000000787080000,0x00000007bfd00000)
 ParOldGen       total 3645440K, used 3069705K [0x00000005c0000000, 0x000000069e800000, 0x0000000715580000)
  object space 3645440K, 84% used [0x00000005c0000000,0x000000067b5c26a0,0x000000069e800000)
 Metaspace       used 6025K, capacity 6146K, committed 6400K, reserved 1056768K
  class space    used 658K, capacity 703K, committed 768K, reserved 1048576K
}
Event: 70.423 GC heap before
{Heap before GC invocations=37 (full 7):
 PSYoungGen      total 1382400K, used 1382379K [0x0000000715580000, 0x00000007bfd00000, 0x00000007c0000000)
  eden space 932352K, 100% used [0x0000000715580000,0x000000074e400000,0x000000074e400000)
  from space 450048K, 99% used [0x000000074e400000,0x0000000769b7ae18,0x0000000769b80000)
  to   space 930304K, 0% used [0x0000000787080000,0x0000000787080000,0x00000007bfd00000)
 ParOldGen       total 3645440K, used 3069705K [0x00000005c0000000, 0x000000069e800000, 0x0000000715580000)
  object space 3645440K, 84% used [0x00000005c0000000,0x000000067b5c26a0,0x000000069e800000)
 Metaspace       used 6025K, capacity 6146K, committed 6400K, reserved 1056768K
  class space    used 658K, capacity 703K, committed 768K, reserved 1048576K
Event: 70.718 GC heap after
Heap after GC invocations=37 (full 7):
 PSYoungGen      total 1861120K, used 891019K [0x0000000715580000, 0x00000007c0000000, 0x00000007c0000000)
  eden space 930816K, 0% used [0x0000000715580000,0x0000000715580000,0x000000074e280000)
  from space 930304K, 95% used [0x0000000787080000,0x00000007bd6a2e18,0x00000007bfd00000)
  to   space 931840K, 0% used [0x000000074e280000,0x000000074e280000,0x0000000787080000)
 ParOldGen       total 3645440K, used 3069705K [0x00000005c0000000, 0x000000069e800000, 0x0000000715580000)
  object space 3645440K, 84% used [0x00000005c0000000,0x000000067b5c26a0,0x000000069e800000)
 Metaspace       used 6025K, capacity 6146K, committed 6400K, reserved 1056768K
  class space    used 658K, capacity 703K, committed 768K, reserved 1048576K
}
Event: 785.257 GC heap before
{Heap before GC invocations=38 (full 7):
 PSYoungGen      total 1861120K, used 1821835K [0x0000000715580000, 0x00000007c0000000, 0x00000007c0000000)
  eden space 930816K, 100% used [0x0000000715580000,0x000000074e280000,0x000000074e280000)
  from space 930304K, 95% used [0x0000000787080000,0x00000007bd6a2e18,0x00000007bfd00000)
  to   space 931840K, 0% used [0x000000074e280000,0x000000074e280000,0x0000000787080000)
 ParOldGen       total 3645440K, used 3069705K [0x00000005c0000000, 0x000000069e800000, 0x0000000715580000)
  object space 3645440K, 84% used [0x00000005c0000000,0x000000067b5c26a0,0x000000069e800000)
 Metaspace       used 7133K, capacity 7298K, committed 7552K, reserved 1056768K
  class space    used 761K, capacity 831K, committed 896K, reserved 1048576K
Event: 785.603 GC heap after
Heap after GC invocations=38 (full 7):
 PSYoungGen      total 1862656K, used 593888K [0x0000000715580000, 0x00000007c0000000, 0x00000007c0000000)
  eden space 930816K, 0% used [0x0000000715580000,0x0000000715580000,0x000000074e280000)
  from space 931840K, 63% used [0x000000074e280000,0x0000000772678000,0x0000000787080000)
  to   space 931840K, 0% used [0x0000000787200000,0x0000000787200000,0x00000007c0000000)
 ParOldGen       total 3645440K, used 3496381K [0x00000005c0000000, 0x000000069e800000, 0x0000000715580000)
  object space 3645440K, 95% used [0x00000005c0000000,0x000000069566f478,0x000000069e800000)
 Metaspace       used 7133K, capacity 7298K, committed 7552K, reserved 1056768K
  class space    used 761K, capacity 831K, committed 896K, reserved 1048576K
}
Event: 785.603 GC heap before
{Heap before GC invocations=39 (full 8):
 PSYoungGen      total 1862656K, used 593888K [0x0000000715580000, 0x00000007c0000000, 0x00000007c0000000)
  eden space 930816K, 0% used [0x0000000715580000,0x0000000715580000,0x000000074e280000)
  from space 931840K, 63% used [0x000000074e280000,0x0000000772678000,0x0000000787080000)
  to   space 931840K, 0% used [0x0000000787200000,0x0000000787200000,0x00000007c0000000)
 ParOldGen       total 3645440K, used 3496381K [0x00000005c0000000, 0x000000069e800000, 0x0000000715580000)
  object space 3645440K, 95% used [0x00000005c0000000,0x000000069566f478,0x000000069e800000)
 Metaspace       used 7133K, capacity 7298K, committed 7552K, reserved 1056768K
  class space    used 761K, capacity 831K, committed 896K, reserved 1048576K

