# JRE version: Java(TM) SE Runtime Environment (8.0_151-b12) (build 1.8.0_151-b12)
# Java VM: Java HotSpot(TM) 64-Bit Server VM (25.151-b12 mixed mode linux-amd64 compressed oops)
Heap:
 PSYoungGen      total 1864192K, used 0K [0x0000000715580000, 0x00000007c0000000, 0x00000007c0000000)
  eden space 932352K, 0% used [0x0000000715580000,0x0000000715580000,0x000000074e400000)
  from space 931840K, 0% used [0x0000000787200000,0x0000000787200000,0x00000007c0000000)
  to   space 931840K, 0% used [0x000000074e400000,0x000000074e400000,0x0000000787200000)
 ParOldGen       total 4089856K, used 4084745K [0x00000005c0000000, 0x00000006b9a00000, 0x0000000715580000)
  object space 4089856K, 99% used [0x00000005c0000000,0x00000006b9502510,0x00000006b9a00000)
 Metaspace       used 7418K, capacity 7554K, committed 7808K, reserved 1056768K
  class space    used 820K, capacity 895K, committed 896K, reserved 1048576K
GC Heap History (10 events):
Event: 41.506 GC heap after
Heap after GC invocations=33 (full 6):
 PSYoungGen      total 1824256K, used 654431K [0x0000000715580000, 0x00000007c0000000, 0x00000007c0000000)
  eden space 950272K, 0% used [0x0000000715580000,0x0000000715580000,0x000000074f580000)
  from space 873984K, 74% used [0x000000074f580000,0x0000000777497f80,0x0000000784b00000)
  to   space 929792K, 0% used [0x0000000787400000,0x0000000787400000,0x00000007c0000000)
 ParOldGen       total 3112448K, used 2628009K [0x00000005c0000000, 0x000000067df80000, 0x0000000715580000)
  object space 3112448K, 84% used [0x00000005c0000000,0x000000066066a6b0,0x000000067df80000)
 Metaspace       used 6006K, capacity 6146K, committed 6400K, reserved 1056768K
  class space    used 658K, capacity 703K, committed 768K, reserved 1048576K
}
Event: 48.349 GC heap before
{Heap before GC invocations=34 (full 6):
 PSYoungGen      total 1824256K, used 1604703K [0x0000000715580000, 0x00000007c0000000, 0x00000007c0000000)
  eden space 950272K, 100% used [0x0000000715580000,0x000000074f580000,0x000000074f580000)
  from space 873984K, 74% used [0x000000074f580000,0x0000000777497f80,0x0000000784b00000)
  to   space 929792K, 0% used [0x0000000787400000,0x0000000787400000,0x00000007c0000000)
 ParOldGen       total 3112448K, used 2628009K [0x00000005c0000000, 0x000000067df80000, 0x0000000715580000)
  object space 3112448K, 84% used [0x00000005c0000000,0x000000066066a6b0,0x000000067df80000)
 Metaspace       used 6006K, capacity 6146K, committed 6400K, reserved 1056768K
  class space    used 658K, capacity 703K, committed 768K, reserved 1048576K
Event: 49.582 GC heap after
Heap after GC invocations=34 (full 6):
 PSYoungGen      total 1862144K, used 929776K [0x0000000715580000, 0x00000007c0000000, 0x00000007c0000000)
  eden space 932352K, 0% used [0x0000000715580000,0x0000000715580000,0x000000074e400000)
  from space 929792K, 99% used [0x0000000787400000,0x00000007bfffc318,0x00000007c0000000)
  to   space 931840K, 0% used [0x000000074e400000,0x000000074e400000,0x0000000787200000)
 ParOldGen       total 3112448K, used 2800598K [0x00000005c0000000, 0x000000067df80000, 0x0000000715580000)
  object space 3112448K, 89% used [0x00000005c0000000,0x000000066aef5ad0,0x000000067df80000)
 Metaspace       used 6006K, capacity 6146K, committed 6400K, reserved 1056768K
  class space    used 658K, capacity 703K, committed 768K, reserved 1048576K
}
Event: 49.582 GC heap before
{Heap before GC invocations=35 (full 7):
 PSYoungGen      total 1862144K, used 929776K [0x0000000715580000, 0x00000007c0000000, 0x00000007c0000000)
  eden space 932352K, 0% used [0x0000000715580000,0x0000000715580000,0x000000074e400000)
  from space 929792K, 99% used [0x0000000787400000,0x00000007bfffc318,0x00000007c0000000)
  to   space 931840K, 0% used [0x000000074e400000,0x000000074e400000,0x0000000787200000)
 ParOldGen       total 3112448K, used 2800598K [0x00000005c0000000, 0x000000067df80000, 0x0000000715580000)
  object space 3112448K, 89% used [0x00000005c0000000,0x000000066aef5ad0,0x000000067df80000)
 Metaspace       used 6006K, capacity 6146K, committed 6400K, reserved 1056768K
  class space    used 658K, capacity 703K, committed 768K, reserved 1048576K
Event: 61.259 GC heap after
Heap after GC invocations=35 (full 7):
 PSYoungGen      total 1862144K, used 614528K [0x0000000715580000, 0x00000007c0000000, 0x00000007c0000000)
  eden space 932352K, 0% used [0x0000000715580000,0x0000000715580000,0x000000074e400000)
  from space 929792K, 66% used [0x0000000787400000,0x00000007acc20118,0x00000007c0000000)
  to   space 931840K, 0% used [0x000000074e400000,0x000000074e400000,0x0000000787200000)
 ParOldGen       total 4089856K, used 3112139K [0x00000005c0000000, 0x00000006b9a00000, 0x0000000715580000)
  object space 4089856K, 76% used [0x00000005c0000000,0x000000067df32d00,0x00000006b9a00000)
 Metaspace       used 6006K, capacity 6146K, committed 6400K, reserved 1056768K
  class space    used 658K, capacity 703K, committed 768K, reserved 1048576K
}
Event: 68.197 GC heap before
{Heap before GC invocations=36 (full 7):
 PSYoungGen      total 1862144K, used 1546880K [0x0000000715580000, 0x00000007c0000000, 0x00000007c0000000)
  eden space 932352K, 100% used [0x0000000715580000,0x000000074e400000,0x000000074e400000)
  from space 929792K, 66% used [0x0000000787400000,0x00000007acc20118,0x00000007c0000000)
  to   space 931840K, 0% used [0x000000074e400000,0x000000074e400000,0x0000000787200000)
 ParOldGen       total 4089856K, used 3112139K [0x00000005c0000000, 0x00000006b9a00000, 0x0000000715580000)
  object space 4089856K, 76% used [0x00000005c0000000,0x000000067df32d00,0x00000006b9a00000)
 Metaspace       used 6006K, capacity 6146K, committed 6400K, reserved 1056768K
  class space    used 658K, capacity 703K, committed 768K, reserved 1048576K
Event: 69.303 GC heap after
Heap after GC invocations=36 (full 7):
 PSYoungGen      total 1864192K, used 877222K [0x0000000715580000, 0x00000007c0000000, 0x00000007c0000000)
  eden space 932352K, 0% used [0x0000000715580000,0x0000000715580000,0x000000074e400000)
  from space 931840K, 94% used [0x000000074e400000,0x0000000783ca9ac8,0x0000000787200000)
  to   space 931840K, 0% used [0x0000000787200000,0x0000000787200000,0x00000007c0000000)
 ParOldGen       total 4089856K, used 3341044K [0x00000005c0000000, 0x00000006b9a00000, 0x0000000715580000)
  object space 4089856K, 81% used [0x00000005c0000000,0x000000068bebd100,0x00000006b9a00000)
 Metaspace       used 6006K, capacity 6146K, committed 6400K, reserved 1056768K
  class space    used 658K, capacity 703K, committed 768K, reserved 1048576K
}
Event: 203.546 GC heap before
{Heap before GC invocations=37 (full 7):
 PSYoungGen      total 1864192K, used 1809574K [0x0000000715580000, 0x00000007c0000000, 0x00000007c0000000)
  eden space 932352K, 100% used [0x0000000715580000,0x000000074e400000,0x000000074e400000)
  from space 931840K, 94% used [0x000000074e400000,0x0000000783ca9ac8,0x0000000787200000)
  to   space 931840K, 0% used [0x0000000787200000,0x0000000787200000,0x00000007c0000000)
 ParOldGen       total 4089856K, used 3341044K [0x00000005c0000000, 0x00000006b9a00000, 0x0000000715580000)
  object space 4089856K, 81% used [0x00000005c0000000,0x000000068bebd100,0x00000006b9a00000)
 Metaspace       used 7418K, capacity 7554K, committed 7808K, reserved 1056768K
  class space    used 820K, capacity 895K, committed 896K, reserved 1048576K
Event: 204.440 GC heap after
Heap after GC invocations=37 (full 7):
 PSYoungGen      total 1864192K, used 511303K [0x0000000715580000, 0x00000007c0000000, 0x00000007c0000000)
  eden space 932352K, 0% used [0x0000000715580000,0x0000000715580000,0x000000074e400000)
  from space 931840K, 54% used [0x0000000787200000,0x00000007a6551f00,0x00000007c0000000)
  to   space 931840K, 0% used [0x000000074e400000,0x000000074e400000,0x0000000787200000)
 ParOldGen       total 4089856K, used 3730139K [0x00000005c0000000, 0x00000006b9a00000, 0x0000000715580000)
  object space 4089856K, 91% used [0x00000005c0000000,0x00000006a3ab6dc8,0x00000006b9a00000)
 Metaspace       used 7418K, capacity 7554K, committed 7808K, reserved 1056768K
  class space    used 820K, capacity 895K, committed 896K, reserved 1048576K
}
Event: 204.440 GC heap before
{Heap before GC invocations=38 (full 8):
 PSYoungGen      total 1864192K, used 511303K [0x0000000715580000, 0x00000007c0000000, 0x00000007c0000000)
  eden space 932352K, 0% used [0x0000000715580000,0x0000000715580000,0x000000074e400000)
  from space 931840K, 54% used [0x0000000787200000,0x00000007a6551f00,0x00000007c0000000)
  to   space 931840K, 0% used [0x000000074e400000,0x000000074e400000,0x0000000787200000)
 ParOldGen       total 4089856K, used 3730139K [0x00000005c0000000, 0x00000006b9a00000, 0x0000000715580000)
  object space 4089856K, 91% used [0x00000005c0000000,0x00000006a3ab6dc8,0x00000006b9a00000)
 Metaspace       used 7418K, capacity 7554K, committed 7808K, reserved 1056768K
  class space    used 820K, capacity 895K, committed 896K, reserved 1048576K

