# JRE version: Java(TM) SE Runtime Environment (8.0_151-b12) (build 1.8.0_151-b12)
# Java VM: Java HotSpot(TM) 64-Bit Server VM (25.151-b12 mixed mode linux-amd64 compressed oops)
Heap:
 PSYoungGen      total 1840640K, used 227838K [0x0000000715580000, 0x00000007be900000, 0x00000007c0000000)
  eden space 932352K, 0% used [0x0000000715580000,0x0000000715580000,0x000000074e400000)
  from space 908288K, 25% used [0x0000000787200000,0x000000079507fb38,0x00000007be900000)
  to   space 920064K, 0% used [0x000000074e400000,0x000000074e400000,0x0000000786680000)
 ParOldGen       total 3822592K, used 3822231K [0x00000005c0000000, 0x00000006a9500000, 0x0000000715580000)
  object space 3822592K, 99% used [0x00000005c0000000,0x00000006a94a5c30,0x00000006a9500000)
 Metaspace       used 6026K, capacity 6146K, committed 6400K, reserved 1056768K
  class space    used 658K, capacity 703K, committed 768K, reserved 1048576K
GC Heap History (10 events):
Event: 50.139 GC heap after
Heap after GC invocations=33 (full 6):
 PSYoungGen      total 1864192K, used 610459K [0x0000000715580000, 0x00000007c0000000, 0x00000007c0000000)
  eden space 932352K, 0% used [0x0000000715580000,0x0000000715580000,0x000000074e400000)
  from space 931840K, 65% used [0x000000074e400000,0x0000000773826d58,0x0000000787200000)
  to   space 931840K, 0% used [0x0000000787200000,0x0000000787200000,0x00000007c0000000)
 ParOldGen       total 2830848K, used 2374672K [0x00000005c0000000, 0x000000066cc80000, 0x0000000715580000)
  object space 2830848K, 83% used [0x00000005c0000000,0x0000000650f04098,0x000000066cc80000)
 Metaspace       used 4703K, capacity 4782K, committed 4992K, reserved 1056768K
  class space    used 519K, capacity 526K, committed 640K, reserved 1048576K
}
Event: 50.723 GC heap before
{Heap before GC invocations=34 (full 6):
 PSYoungGen      total 1864192K, used 1542811K [0x0000000715580000, 0x00000007c0000000, 0x00000007c0000000)
  eden space 932352K, 100% used [0x0000000715580000,0x000000074e400000,0x000000074e400000)
  from space 931840K, 65% used [0x000000074e400000,0x0000000773826d58,0x0000000787200000)
  to   space 931840K, 0% used [0x0000000787200000,0x0000000787200000,0x00000007c0000000)
 ParOldGen       total 2830848K, used 2374672K [0x00000005c0000000, 0x000000066cc80000, 0x0000000715580000)
  object space 2830848K, 83% used [0x00000005c0000000,0x0000000650f04098,0x000000066cc80000)
 Metaspace       used 4703K, capacity 4782K, committed 4992K, reserved 1056768K
  class space    used 519K, capacity 526K, committed 640K, reserved 1048576K
Event: 52.289 GC heap after
Heap after GC invocations=34 (full 6):
 PSYoungGen      total 1864192K, used 420594K [0x0000000715580000, 0x00000007c0000000, 0x00000007c0000000)
  eden space 932352K, 0% used [0x0000000715580000,0x0000000715580000,0x000000074e400000)
  from space 931840K, 45% used [0x0000000787200000,0x00000007a0cbcab0,0x00000007c0000000)
  to   space 931840K, 0% used [0x000000074e400000,0x000000074e400000,0x0000000787200000)
 ParOldGen       total 2830848K, used 2775914K [0x00000005c0000000, 0x000000066cc80000, 0x0000000715580000)
  object space 2830848K, 98% used [0x00000005c0000000,0x00000006696da940,0x000000066cc80000)
 Metaspace       used 4703K, capacity 4782K, committed 4992K, reserved 1056768K
  class space    used 519K, capacity 526K, committed 640K, reserved 1048576K
}
Event: 52.289 GC heap before
{Heap before GC invocations=35 (full 7):
 PSYoungGen      total 1864192K, used 420594K [0x0000000715580000, 0x00000007c0000000, 0x00000007c0000000)
  eden space 932352K, 0% used [0x0000000715580000,0x0000000715580000,0x000000074e400000)
  from space 931840K, 45% used [0x0000000787200000,0x00000007a0cbcab0,0x00000007c0000000)
  to   space 931840K, 0% used [0x000000074e400000,0x000000074e400000,0x0000000787200000)
 ParOldGen       total 2830848K, used 2775914K [0x00000005c0000000, 0x000000066cc80000, 0x0000000715580000)
  object space 2830848K, 98% used [0x00000005c0000000,0x00000006696da940,0x000000066cc80000)
 Metaspace       used 4703K, capacity 4782K, committed 4992K, reserved 1056768K
  class space    used 519K, capacity 526K, committed 640K, reserved 1048576K
Event: 61.029 GC heap after
Heap after GC invocations=35 (full 7):
 PSYoungGen      total 1864192K, used 362789K [0x0000000715580000, 0x00000007c0000000, 0x00000007c0000000)
  eden space 932352K, 0% used [0x0000000715580000,0x0000000715580000,0x000000074e400000)
  from space 931840K, 38% used [0x0000000787200000,0x000000079d449720,0x00000007c0000000)
  to   space 931840K, 0% used [0x000000074e400000,0x000000074e400000,0x0000000787200000)
 ParOldGen       total 3822592K, used 2830549K [0x00000005c0000000, 0x00000006a9500000, 0x0000000715580000)
  object space 3822592K, 74% used [0x00000005c0000000,0x000000066cc35418,0x00000006a9500000)
 Metaspace       used 4703K, capacity 4782K, committed 4992K, reserved 1056768K
  class space    used 519K, capacity 526K, committed 640K, reserved 1048576K
}
Event: 66.640 GC heap before
{Heap before GC invocations=36 (full 7):
 PSYoungGen      total 1864192K, used 1295141K [0x0000000715580000, 0x00000007c0000000, 0x00000007c0000000)
  eden space 932352K, 100% used [0x0000000715580000,0x000000074e400000,0x000000074e400000)
  from space 931840K, 38% used [0x0000000787200000,0x000000079d449720,0x00000007c0000000)
  to   space 931840K, 0% used [0x000000074e400000,0x000000074e400000,0x0000000787200000)
 ParOldGen       total 3822592K, used 2830549K [0x00000005c0000000, 0x00000006a9500000, 0x0000000715580000)
  object space 3822592K, 74% used [0x00000005c0000000,0x000000066cc35418,0x00000006a9500000)
 Metaspace       used 6026K, capacity 6146K, committed 6400K, reserved 1056768K
  class space    used 658K, capacity 703K, committed 768K, reserved 1048576K
Event: 67.670 GC heap after
Heap after GC invocations=36 (full 7):
 PSYoungGen      total 1864192K, used 419316K [0x0000000715580000, 0x00000007c0000000, 0x00000007c0000000)
  eden space 932352K, 0% used [0x0000000715580000,0x0000000715580000,0x000000074e400000)
  from space 931840K, 44% used [0x000000074e400000,0x0000000767d7d360,0x0000000787200000)
  to   space 931840K, 0% used [0x0000000787200000,0x0000000787200000,0x00000007c0000000)
 ParOldGen       total 3822592K, used 3194699K [0x00000005c0000000, 0x00000006a9500000, 0x0000000715580000)
  object space 3822592K, 83% used [0x00000005c0000000,0x0000000682fd2da8,0x00000006a9500000)
 Metaspace       used 6026K, capacity 6146K, committed 6400K, reserved 1056768K
  class space    used 658K, capacity 703K, committed 768K, reserved 1048576K
}
Event: 74.558 GC heap before
{Heap before GC invocations=37 (full 7):
 PSYoungGen      total 1864192K, used 1351668K [0x0000000715580000, 0x00000007c0000000, 0x00000007c0000000)
  eden space 932352K, 100% used [0x0000000715580000,0x000000074e400000,0x000000074e400000)
  from space 931840K, 44% used [0x000000074e400000,0x0000000767d7d360,0x0000000787200000)
  to   space 931840K, 0% used [0x0000000787200000,0x0000000787200000,0x00000007c0000000)
 ParOldGen       total 3822592K, used 3194699K [0x00000005c0000000, 0x00000006a9500000, 0x0000000715580000)
  object space 3822592K, 83% used [0x00000005c0000000,0x0000000682fd2da8,0x00000006a9500000)
 Metaspace       used 6026K, capacity 6146K, committed 6400K, reserved 1056768K
  class space    used 658K, capacity 703K, committed 768K, reserved 1048576K
Event: 74.867 GC heap after
Heap after GC invocations=37 (full 7):
 PSYoungGen      total 1840640K, used 490176K [0x0000000715580000, 0x00000007be900000, 0x00000007c0000000)
  eden space 932352K, 0% used [0x0000000715580000,0x0000000715580000,0x000000074e400000)
  from space 908288K, 53% used [0x0000000787200000,0x00000007a50b0030,0x00000007be900000)
  to   space 920064K, 0% used [0x000000074e400000,0x000000074e400000,0x0000000786680000)
 ParOldGen       total 3822592K, used 3565433K [0x00000005c0000000, 0x00000006a9500000, 0x0000000715580000)
  object space 3822592K, 93% used [0x00000005c0000000,0x00000006999de4e8,0x00000006a9500000)
 Metaspace       used 6026K, capacity 6146K, committed 6400K, reserved 1056768K
  class space    used 658K, capacity 703K, committed 768K, reserved 1048576K
}
Event: 74.867 GC heap before
{Heap before GC invocations=38 (full 8):
 PSYoungGen      total 1840640K, used 490176K [0x0000000715580000, 0x00000007be900000, 0x00000007c0000000)
  eden space 932352K, 0% used [0x0000000715580000,0x0000000715580000,0x000000074e400000)
  from space 908288K, 53% used [0x0000000787200000,0x00000007a50b0030,0x00000007be900000)
  to   space 920064K, 0% used [0x000000074e400000,0x000000074e400000,0x0000000786680000)
 ParOldGen       total 3822592K, used 3565433K [0x00000005c0000000, 0x00000006a9500000, 0x0000000715580000)
  object space 3822592K, 93% used [0x00000005c0000000,0x00000006999de4e8,0x00000006a9500000)
 Metaspace       used 6026K, capacity 6146K, committed 6400K, reserved 1056768K
  class space    used 658K, capacity 703K, committed 768K, reserved 1048576K

